TN:
SF:src\features\auth\LoginPage.tsx
FN:23,(anonymous_0)
FN:34,(anonymous_1)
FN:58,(anonymous_2)
FN:86,(anonymous_3)
FN:95,(anonymous_4)
FN:110,(anonymous_5)
FN:129,(anonymous_6)
FN:142,(anonymous_7)
FN:162,(anonymous_8)
FN:179,(anonymous_9)
FN:193,(anonymous_10)
FNF:11
FNH:5
FNDA:6,(anonymous_0)
FNDA:1,(anonymous_1)
FNDA:1,(anonymous_2)
FNDA:0,(anonymous_3)
FNDA:0,(anonymous_4)
FNDA:1,(anonymous_5)
FNDA:1,(anonymous_6)
FNDA:0,(anonymous_7)
FNDA:0,(anonymous_8)
FNDA:0,(anonymous_9)
FNDA:0,(anonymous_10)
DA:18,1
DA:23,1
DA:24,6
DA:25,6
DA:26,6
DA:27,6
DA:28,6
DA:29,6
DA:30,6
DA:31,6
DA:33,6
DA:35,1
DA:39,1
DA:40,1
DA:42,1
DA:43,1
DA:44,1
DA:45,1
DA:47,0
DA:48,0
DA:49,0
DA:50,0
DA:55,0
DA:59,1
DA:62,1
DA:63,1
DA:64,1
DA:65,0
DA:66,0
DA:67,0
DA:71,1
DA:80,1
DA:81,1
DA:82,1
DA:85,1
DA:86,1
DA:87,1
DA:90,1
DA:91,1
DA:92,1
DA:93,1
DA:96,0
DA:97,0
DA:98,0
DA:99,0
DA:100,0
DA:101,0
DA:102,0
DA:104,0
DA:105,0
DA:110,6
DA:111,1
DA:112,1
DA:113,1
DA:116,6
DA:129,1
DA:142,0
DA:163,0
DA:164,0
DA:179,0
DA:193,0
LF:61
LH:39
BRDA:48,0,0,0
BRDA:48,0,1,0
BRDA:48,1,0,0
BRDA:48,1,1,0
BRDA:48,1,2,0
BRDA:62,2,0,1
BRDA:62,2,1,0
BRDA:64,3,0,0
BRDA:64,3,1,1
BRDA:66,4,0,0
BRDA:66,4,1,0
BRDA:81,5,0,1
BRDA:81,5,1,0
BRDA:81,6,0,1
BRDA:81,6,1,0
BRDA:86,7,0,1
BRDA:86,7,1,0
BRDA:86,8,0,1
BRDA:86,8,1,0
BRDA:86,9,0,0
BRDA:86,9,1,0
BRDA:90,10,0,1
BRDA:90,10,1,1
BRDA:97,11,0,0
BRDA:97,11,1,0
BRDA:97,12,0,0
BRDA:97,12,1,0
BRDA:97,12,2,0
BRDA:99,13,0,0
BRDA:99,13,1,0
BRDA:124,14,0,1
BRDA:124,14,1,5
BRDA:158,15,0,5
BRDA:158,15,1,0
BRDA:200,16,0,0
BRDA:200,16,1,5
BRDA:211,17,0,1
BRDA:211,17,1,4
BRDA:215,18,0,6
BRDA:215,18,1,5
BRF:40
BRH:16
end_of_record
TN:
SF:src\features\cart\CartPage.tsx
FN:10,(anonymous_0)
FN:28,(anonymous_1)
FN:30,(anonymous_2)
FN:33,(anonymous_3)
FN:37,(anonymous_4)
FN:72,(anonymous_5)
FN:81,(anonymous_6)
FN:89,(anonymous_7)
FN:96,(anonymous_8)
FNF:9
FNH:8
FNDA:9,(anonymous_0)
FNDA:9,(anonymous_1)
FNDA:12,(anonymous_2)
FNDA:2,(anonymous_3)
FNDA:1,(anonymous_4)
FNDA:12,(anonymous_5)
FNDA:1,(anonymous_6)
FNDA:1,(anonymous_7)
FNDA:0,(anonymous_8)
DA:10,1
DA:11,9
DA:14,9
DA:15,0
DA:22,9
DA:24,9
DA:25,9
DA:26,9
DA:28,9
DA:29,9
DA:30,12
DA:33,9
DA:34,2
DA:37,9
DA:38,1
DA:41,9
DA:73,12
DA:81,1
DA:89,1
DA:96,0
LF:20
LH:18
BRDA:14,0,0,0
BRDA:14,0,1,9
BRDA:14,1,0,9
BRDA:14,1,1,9
BRDA:14,1,2,9
BRDA:22,2,0,9
BRDA:22,2,1,1
BRDA:29,3,0,2
BRDA:29,3,1,7
BRDA:51,4,0,1
BRDA:51,4,1,8
BRDA:57,5,0,8
BRDA:57,5,1,1
BRDA:68,6,0,1
BRDA:68,6,1,7
BRDA:70,7,0,6
BRDA:70,7,1,1
BRDA:70,8,0,7
BRDA:70,8,1,7
BRDA:115,9,0,8
BRDA:115,9,1,1
BRDA:123,10,0,8
BRDA:123,10,1,1
BRDA:127,11,0,8
BRDA:127,11,1,8
BRDA:127,11,2,7
BRDA:130,12,0,0
BRDA:130,12,1,8
BRDA:132,13,0,0
BRDA:132,13,1,8
BRDA:134,14,0,0
BRDA:134,14,1,0
BRDA:137,15,0,0
BRDA:137,15,1,8
BRF:34
BRH:28
end_of_record
TN:
SF:src\features\products\ProductsPage.tsx
FN:13,(anonymous_0)
FN:40,(anonymous_1)
FN:44,(anonymous_2)
FN:47,(anonymous_3)
FN:48,(anonymous_4)
FN:64,(anonymous_5)
FN:75,(anonymous_6)
FN:83,(anonymous_7)
FN:87,(anonymous_8)
FN:89,(anonymous_9)
FN:118,(anonymous_10)
FN:127,(anonymous_11)
FN:142,(anonymous_12)
FN:149,(anonymous_13)
FN:162,(anonymous_14)
FN:168,(anonymous_15)
FN:173,(anonymous_16)
FN:178,(anonymous_17)
FN:183,(anonymous_18)
FN:190,(anonymous_19)
FN:198,(anonymous_20)
FN:208,(anonymous_21)
FN:211,(anonymous_22)
FN:216,(anonymous_23)
FN:218,(anonymous_24)
FN:220,(anonymous_25)
FN:228,(anonymous_26)
FN:233,(anonymous_27)
FN:240,(anonymous_28)
FN:243,(anonymous_29)
FN:251,(anonymous_30)
FN:256,(anonymous_31)
FN:269,(anonymous_32)
FN:277,(anonymous_33)
FN:283,(anonymous_34)
FN:284,(anonymous_35)
FN:292,(anonymous_36)
FN:302,(anonymous_37)
FN:306,(anonymous_38)
FN:315,(anonymous_39)
FN:321,(anonymous_40)
FN:331,(anonymous_41)
FN:335,(anonymous_42)
FN:345,(anonymous_43)
FN:352,(anonymous_44)
FN:368,(anonymous_45)
FN:372,(anonymous_46)
FN:381,(anonymous_47)
FN:385,(anonymous_48)
FN:391,(anonymous_49)
FN:397,(anonymous_50)
FN:424,(anonymous_51)
FN:431,(anonymous_52)
FN:468,(anonymous_53)
FN:498,(anonymous_54)
FN:531,(anonymous_55)
FN:568,(anonymous_56)
FN:571,(anonymous_57)
FN:585,(anonymous_58)
FN:606,(anonymous_59)
FN:622,(anonymous_60)
FN:634,(anonymous_61)
FN:637,(anonymous_62)
FN:649,(anonymous_63)
FN:673,(anonymous_64)
FN:674,(anonymous_65)
FN:676,(anonymous_66)
FN:723,(anonymous_67)
FN:739,(anonymous_68)
FN:740,(anonymous_69)
FN:791,(anonymous_70)
FN:802,(anonymous_71)
FN:815,(anonymous_72)
FN:832,(anonymous_73)
FN:841,(anonymous_74)
FN:842,(anonymous_75)
FN:843,(anonymous_76)
FN:848,(anonymous_77)
FN:880,(anonymous_78)
FN:898,(anonymous_79)
FN:908,(anonymous_80)
FN:928,(anonymous_81)
FN:941,(anonymous_82)
FN:950,(anonymous_83)
FN:960,(anonymous_84)
FN:961,(anonymous_85)
FN:975,(anonymous_86)
FN:990,(anonymous_87)
FN:1011,(anonymous_88)
FN:1024,(anonymous_89)
FN:1035,(anonymous_90)
FN:1044,(anonymous_91)
FN:1076,(anonymous_92)
FN:1085,(anonymous_93)
FN:1086,(anonymous_94)
FN:1140,(anonymous_95)
FN:1161,(anonymous_96)
FN:1185,(anonymous_97)
FN:1192,(anonymous_98)
FN:1203,(anonymous_99)
FN:1210,(anonymous_100)
FN:1213,(anonymous_101)
FN:1225,(anonymous_102)
FN:1237,(anonymous_103)
FN:1244,(anonymous_104)
FN:1279,(anonymous_105)
FN:1297,(anonymous_106)
FNF:107
FNH:21
FNDA:21,(anonymous_0)
FNDA:8,(anonymous_1)
FNDA:8,(anonymous_2)
FNDA:8,(anonymous_3)
FNDA:16,(anonymous_4)
FNDA:11,(anonymous_5)
FNDA:11,(anonymous_6)
FNDA:0,(anonymous_7)
FNDA:0,(anonymous_8)
FNDA:0,(anonymous_9)
FNDA:0,(anonymous_10)
FNDA:11,(anonymous_11)
FNDA:0,(anonymous_12)
FNDA:0,(anonymous_13)
FNDA:0,(anonymous_14)
FNDA:6,(anonymous_15)
FNDA:5,(anonymous_16)
FNDA:2,(anonymous_17)
FNDA:4,(anonymous_18)
FNDA:11,(anonymous_19)
FNDA:0,(anonymous_20)
FNDA:8,(anonymous_21)
FNDA:7,(anonymous_22)
FNDA:8,(anonymous_23)
FNDA:7,(anonymous_24)
FNDA:7,(anonymous_25)
FNDA:0,(anonymous_26)
FNDA:0,(anonymous_27)
FNDA:0,(anonymous_28)
FNDA:0,(anonymous_29)
FNDA:0,(anonymous_30)
FNDA:0,(anonymous_31)
FNDA:0,(anonymous_32)
FNDA:0,(anonymous_33)
FNDA:0,(anonymous_34)
FNDA:0,(anonymous_35)
FNDA:0,(anonymous_36)
FNDA:0,(anonymous_37)
FNDA:0,(anonymous_38)
FNDA:0,(anonymous_39)
FNDA:0,(anonymous_40)
FNDA:0,(anonymous_41)
FNDA:0,(anonymous_42)
FNDA:0,(anonymous_43)
FNDA:0,(anonymous_44)
FNDA:0,(anonymous_45)
FNDA:0,(anonymous_46)
FNDA:0,(anonymous_47)
FNDA:0,(anonymous_48)
FNDA:0,(anonymous_49)
FNDA:0,(anonymous_50)
FNDA:0,(anonymous_51)
FNDA:0,(anonymous_52)
FNDA:0,(anonymous_53)
FNDA:0,(anonymous_54)
FNDA:0,(anonymous_55)
FNDA:42,(anonymous_56)
FNDA:0,(anonymous_57)
FNDA:0,(anonymous_58)
FNDA:0,(anonymous_59)
FNDA:3,(anonymous_60)
FNDA:0,(anonymous_61)
FNDA:0,(anonymous_62)
FNDA:0,(anonymous_63)
FNDA:0,(anonymous_64)
FNDA:0,(anonymous_65)
FNDA:0,(anonymous_66)
FNDA:30,(anonymous_67)
FNDA:0,(anonymous_68)
FNDA:0,(anonymous_69)
FNDA:0,(anonymous_70)
FNDA:0,(anonymous_71)
FNDA:0,(anonymous_72)
FNDA:0,(anonymous_73)
FNDA:0,(anonymous_74)
FNDA:0,(anonymous_75)
FNDA:0,(anonymous_76)
FNDA:0,(anonymous_77)
FNDA:0,(anonymous_78)
FNDA:0,(anonymous_79)
FNDA:0,(anonymous_80)
FNDA:0,(anonymous_81)
FNDA:0,(anonymous_82)
FNDA:0,(anonymous_83)
FNDA:0,(anonymous_84)
FNDA:0,(anonymous_85)
FNDA:0,(anonymous_86)
FNDA:0,(anonymous_87)
FNDA:0,(anonymous_88)
FNDA:0,(anonymous_89)
FNDA:0,(anonymous_90)
FNDA:0,(anonymous_91)
FNDA:0,(anonymous_92)
FNDA:0,(anonymous_93)
FNDA:0,(anonymous_94)
FNDA:0,(anonymous_95)
FNDA:0,(anonymous_96)
FNDA:0,(anonymous_97)
FNDA:0,(anonymous_98)
FNDA:0,(anonymous_99)
FNDA:0,(anonymous_100)
FNDA:0,(anonymous_101)
FNDA:0,(anonymous_102)
FNDA:0,(anonymous_103)
FNDA:0,(anonymous_104)
FNDA:0,(anonymous_105)
FNDA:0,(anonymous_106)
DA:13,1
DA:14,21
DA:15,21
DA:16,21
DA:17,21
DA:18,21
DA:20,21
DA:21,21
DA:22,21
DA:23,21
DA:24,21
DA:25,21
DA:26,21
DA:27,21
DA:28,21
DA:29,21
DA:30,21
DA:31,21
DA:32,21
DA:33,21
DA:36,21
DA:40,21
DA:43,8
DA:44,8
DA:47,21
DA:48,16
DA:53,21
DA:54,21
DA:56,21
DA:57,21
DA:58,21
DA:59,21
DA:60,21
DA:61,21
DA:62,21
DA:64,21
DA:65,11
DA:66,11
DA:67,3
DA:68,3
DA:72,21
DA:73,21
DA:75,21
DA:76,11
DA:77,0
DA:79,0
DA:80,0
DA:82,0
DA:83,0
DA:84,0
DA:88,0
DA:89,0
DA:113,0
DA:118,0
DA:121,11
DA:122,11
DA:127,21
DA:128,11
DA:134,10
DA:135,10
DA:136,0
DA:137,0
DA:138,0
DA:141,0
DA:142,0
DA:143,0
DA:144,0
DA:146,0
DA:148,0
DA:150,0
DA:151,0
DA:152,0
DA:153,0
DA:155,0
DA:158,0
DA:161,0
DA:162,0
DA:166,10
DA:167,10
DA:168,7
DA:172,3
DA:173,5
DA:175,3
DA:177,1
DA:178,2
DA:182,2
DA:184,4
DA:190,21
DA:191,11
DA:193,0
DA:195,0
DA:196,0
DA:197,0
DA:198,0
DA:201,0
DA:203,0
DA:205,11
DA:208,21
DA:209,8
DA:210,7
DA:211,7
DA:216,21
DA:217,8
DA:218,7
DA:219,7
DA:220,7
DA:221,7
DA:223,7
DA:228,21
DA:229,0
DA:230,0
DA:231,0
DA:233,0
DA:234,0
DA:235,0
DA:236,0
DA:240,21
DA:242,0
DA:243,0
DA:244,0
DA:245,0
DA:246,0
DA:251,21
DA:252,0
DA:253,0
DA:255,0
DA:256,0
DA:257,0
DA:258,0
DA:259,0
DA:261,0
DA:263,0
DA:264,0
DA:265,0
DA:268,0
DA:269,0
DA:270,0
DA:271,0
DA:272,0
DA:277,21
DA:278,0
DA:279,0
DA:283,21
DA:284,0
DA:285,0
DA:286,0
DA:287,0
DA:288,0
DA:292,21
DA:293,0
DA:294,0
DA:295,0
DA:296,0
DA:299,0
DA:303,0
DA:304,0
DA:307,0
DA:308,0
DA:309,0
DA:315,21
DA:316,0
DA:317,0
DA:318,0
DA:320,0
DA:321,0
DA:322,0
DA:323,0
DA:326,0
DA:328,0
DA:332,0
DA:333,0
DA:336,0
DA:337,0
DA:338,0
DA:345,21
DA:346,0
DA:347,0
DA:349,0
DA:353,0
DA:354,0
DA:360,21
DA:368,0
DA:372,0
DA:381,0
DA:385,0
DA:391,0
DA:397,0
DA:424,0
DA:431,0
DA:469,0
DA:498,0
DA:532,0
DA:569,42
DA:572,0
DA:573,0
DA:586,0
DA:587,0
DA:588,0
DA:589,0
DA:606,0
DA:622,3
DA:635,0
DA:636,0
DA:638,0
DA:649,0
DA:673,0
DA:675,0
DA:676,0
DA:678,0
DA:724,30
DA:725,30
DA:726,30
DA:727,30
DA:728,30
DA:729,30
DA:740,0
DA:741,0
DA:742,0
DA:743,0
DA:745,0
DA:747,0
DA:791,0
DA:802,0
DA:816,0
DA:817,0
DA:832,0
DA:841,0
DA:842,0
DA:843,0
DA:848,0
DA:881,0
DA:882,0
DA:883,0
DA:884,0
DA:885,0
DA:886,0
DA:898,0
DA:908,0
DA:928,0
DA:942,0
DA:943,0
DA:944,0
DA:951,0
DA:952,0
DA:961,0
DA:962,0
DA:963,0
DA:964,0
DA:966,0
DA:968,0
DA:991,0
DA:992,0
DA:993,0
DA:1012,0
DA:1013,0
DA:1014,0
DA:1015,0
DA:1016,0
DA:1017,0
DA:1025,0
DA:1026,0
DA:1027,0
DA:1029,0
DA:1036,0
DA:1037,0
DA:1038,0
DA:1039,0
DA:1040,0
DA:1041,0
DA:1042,0
DA:1045,0
DA:1046,0
DA:1077,0
DA:1078,0
DA:1079,0
DA:1080,0
DA:1085,0
DA:1086,0
DA:1087,0
DA:1088,0
DA:1090,0
DA:1091,0
DA:1094,0
DA:1095,0
DA:1096,0
DA:1097,0
DA:1098,0
DA:1099,0
DA:1100,0
DA:1105,0
DA:1108,0
DA:1109,0
DA:1117,0
DA:1120,0
DA:1124,0
DA:1129,0
DA:1134,0
DA:1135,0
DA:1137,0
DA:1141,0
DA:1142,0
DA:1145,0
DA:1146,0
DA:1147,0
DA:1149,0
DA:1150,0
DA:1152,0
DA:1157,0
DA:1160,0
DA:1162,0
DA:1167,0
DA:1169,0
DA:1172,0
DA:1177,0
DA:1182,0
DA:1185,0
DA:1188,0
DA:1191,0
DA:1193,0
DA:1197,0
DA:1203,0
DA:1206,0
DA:1207,0
DA:1209,0
DA:1210,0
DA:1211,0
DA:1213,0
DA:1217,0
DA:1218,0
DA:1219,0
DA:1220,0
DA:1223,0
DA:1226,0
DA:1227,0
DA:1228,0
DA:1237,0
DA:1244,0
DA:1280,0
DA:1298,0
DA:1299,0
DA:1300,0
DA:1301,0
LF:342
LH:91
BRDA:17,0,0,21
BRDA:17,0,1,21
BRDA:36,1,0,21
BRDA:66,2,0,8
BRDA:66,2,1,3
BRDA:68,3,0,0
BRDA:68,3,1,3
BRDA:76,4,0,0
BRDA:76,4,1,11
BRDA:76,5,0,11
BRDA:76,5,1,0
BRDA:79,6,0,0
BRDA:79,6,1,0
BRDA:109,7,0,0
BRDA:109,7,1,0
BRDA:128,8,0,1
BRDA:128,8,1,10
BRDA:135,9,0,0
BRDA:135,9,1,10
BRDA:143,10,0,0
BRDA:143,10,1,0
BRDA:144,11,0,0
BRDA:144,11,1,0
BRDA:150,12,0,0
BRDA:150,12,1,0
BRDA:152,13,0,0
BRDA:152,13,1,0
BRDA:152,14,0,0
BRDA:152,14,1,0
BRDA:152,14,2,0
BRDA:161,15,0,0
BRDA:161,15,1,0
BRDA:167,16,0,7
BRDA:167,16,1,3
BRDA:175,17,0,1
BRDA:175,17,1,2
BRDA:184,18,0,4
BRDA:184,18,1,4
BRDA:184,18,2,3
BRDA:186,19,0,3
BRDA:186,19,1,0
BRDA:191,20,0,0
BRDA:191,20,1,11
BRDA:191,21,0,11
BRDA:191,21,1,0
BRDA:193,22,0,0
BRDA:193,22,1,0
BRDA:193,23,0,0
BRDA:193,23,1,0
BRDA:196,24,0,0
BRDA:196,24,1,0
BRDA:209,25,0,1
BRDA:209,25,1,7
BRDA:217,26,0,7
BRDA:217,26,1,1
BRDA:229,27,0,0
BRDA:229,27,1,0
BRDA:242,28,0,0
BRDA:242,28,1,0
BRDA:242,29,0,0
BRDA:242,29,1,0
BRDA:253,30,0,0
BRDA:253,30,1,0
BRDA:253,31,0,0
BRDA:253,31,1,0
BRDA:255,32,0,0
BRDA:255,32,1,0
BRDA:264,33,0,0
BRDA:264,33,1,0
BRDA:264,34,0,0
BRDA:264,34,1,0
BRDA:268,35,0,0
BRDA:268,35,1,0
BRDA:278,36,0,0
BRDA:278,36,1,0
BRDA:286,37,0,0
BRDA:286,37,1,0
BRDA:294,38,0,0
BRDA:294,38,1,0
BRDA:304,39,0,0
BRDA:304,39,1,0
BRDA:304,39,2,0
BRDA:307,40,0,0
BRDA:307,40,1,0
BRDA:307,40,2,0
BRDA:316,41,0,0
BRDA:316,41,1,0
BRDA:322,42,0,0
BRDA:322,42,1,0
BRDA:323,43,0,0
BRDA:323,43,1,0
BRDA:326,44,0,0
BRDA:326,44,1,0
BRDA:333,45,0,0
BRDA:333,45,1,0
BRDA:333,45,2,0
BRDA:336,46,0,0
BRDA:336,46,1,0
BRDA:336,46,2,0
BRDA:347,47,0,0
BRDA:347,47,1,0
BRDA:366,48,0,21
BRDA:366,48,1,0
BRDA:366,48,2,0
BRDA:366,48,3,0
BRDA:379,49,0,21
BRDA:379,49,1,0
BRDA:379,49,2,0
BRDA:379,49,3,0
BRDA:388,50,0,21
BRDA:388,50,1,0
BRDA:394,51,0,0
BRDA:394,51,1,0
BRDA:400,52,0,0
BRDA:400,52,1,0
BRDA:407,53,0,21
BRDA:407,53,1,0
BRDA:407,53,2,0
BRDA:436,54,0,0
BRDA:436,54,1,0
BRDA:439,55,0,0
BRDA:439,55,1,0
BRDA:443,56,0,0
BRDA:443,56,1,0
BRDA:446,57,0,0
BRDA:446,57,1,0
BRDA:449,58,0,0
BRDA:449,58,1,0
BRDA:449,58,2,0
BRDA:462,59,0,0
BRDA:462,59,1,0
BRDA:471,60,0,0
BRDA:471,60,1,0
BRDA:483,61,0,21
BRDA:483,61,1,0
BRDA:483,61,2,0
BRDA:505,62,0,0
BRDA:505,62,1,0
BRDA:508,63,0,0
BRDA:508,63,1,0
BRDA:510,64,0,0
BRDA:510,64,1,0
BRDA:512,65,0,0
BRDA:512,65,1,0
BRDA:515,66,0,0
BRDA:515,66,1,0
BRDA:526,67,0,0
BRDA:526,67,1,0
BRDA:534,68,0,0
BRDA:534,68,1,0
BRDA:535,69,0,0
BRDA:535,69,1,0
BRDA:543,70,0,0
BRDA:543,70,1,0
BRDA:546,71,0,0
BRDA:546,71,1,0
BRDA:548,72,0,0
BRDA:548,72,1,0
BRDA:550,73,0,0
BRDA:550,73,1,0
BRDA:553,74,0,0
BRDA:553,74,1,0
BRDA:572,75,0,0
BRDA:572,75,1,0
BRDA:576,76,0,0
BRDA:576,76,1,42
BRDA:583,77,0,42
BRDA:583,77,1,0
BRDA:600,78,0,21
BRDA:600,78,1,0
BRDA:623,79,0,0
BRDA:623,79,1,21
BRDA:628,80,0,21
BRDA:628,80,1,0
BRDA:628,80,2,0
BRDA:635,81,0,0
BRDA:635,81,1,0
BRDA:646,82,0,0
BRDA:646,82,1,0
BRDA:658,83,0,21
BRDA:658,83,1,0
BRDA:658,83,2,0
BRDA:669,84,0,21
BRDA:669,84,1,0
BRDA:673,85,0,0
BRDA:673,85,1,0
BRDA:675,86,0,0
BRDA:675,86,1,0
BRDA:689,87,0,21
BRDA:689,87,1,0
BRDA:690,88,0,21
BRDA:690,88,1,0
BRDA:690,88,2,0
BRDA:691,89,0,21
BRDA:691,89,1,0
BRDA:692,90,0,21
BRDA:692,90,1,0
BRDA:696,91,0,2
BRDA:696,91,1,19
BRDA:699,92,0,0
BRDA:699,92,1,2
BRDA:700,93,0,0
BRDA:700,93,1,2
BRDA:701,94,0,0
BRDA:701,94,1,2
BRDA:701,95,0,2
BRDA:701,95,1,0
BRDA:702,96,0,0
BRDA:702,96,1,2
BRDA:703,97,0,0
BRDA:703,97,1,2
BRDA:709,98,0,1
BRDA:709,98,1,18
BRDA:712,99,0,0
BRDA:712,99,1,1
BRDA:713,100,0,0
BRDA:713,100,1,1
BRDA:714,101,0,0
BRDA:714,101,1,1
BRDA:714,102,0,1
BRDA:714,102,1,0
BRDA:715,103,0,0
BRDA:715,103,1,1
BRDA:716,104,0,0
BRDA:716,104,1,1
BRDA:719,105,0,0
BRDA:719,105,1,1
BRDA:725,106,0,30
BRDA:725,106,1,14
BRDA:726,107,0,30
BRDA:726,107,1,30
BRDA:727,108,0,30
BRDA:727,108,1,30
BRDA:732,109,0,0
BRDA:732,109,1,30
BRDA:732,110,0,0
BRDA:732,110,1,30
BRDA:734,111,0,30
BRDA:734,111,1,0
BRDA:742,112,0,0
BRDA:742,112,1,0
BRDA:757,113,0,30
BRDA:757,113,1,0
BRDA:766,114,0,0
BRDA:766,114,1,30
BRDA:776,115,0,30
BRDA:776,115,1,0
BRDA:776,116,0,30
BRDA:776,116,1,30
BRDA:782,117,0,30
BRDA:782,117,1,0
BRDA:784,118,0,0
BRDA:784,118,1,0
BRDA:784,118,2,0
BRDA:787,119,0,30
BRDA:787,119,1,0
BRDA:787,119,2,0
BRDA:798,120,0,0
BRDA:798,120,1,0
BRDA:798,121,0,0
BRDA:798,121,1,0
BRDA:799,122,0,0
BRDA:799,122,1,0
BRDA:799,123,0,0
BRDA:799,123,1,0
BRDA:812,124,0,30
BRDA:812,124,1,0
BRDA:816,125,0,0
BRDA:816,125,1,0
BRDA:824,126,0,0
BRDA:824,126,1,0
BRDA:828,127,0,30
BRDA:828,127,1,0
BRDA:833,128,0,0
BRDA:833,128,1,0
BRDA:840,129,0,0
BRDA:840,129,1,0
BRDA:867,130,0,21
BRDA:867,130,1,0
BRDA:867,130,2,0
BRDA:900,131,0,0
BRDA:900,131,1,0
BRDA:910,132,0,0
BRDA:910,132,1,0
BRDA:920,133,0,0
BRDA:920,133,1,0
BRDA:936,134,0,0
BRDA:936,134,1,0
BRDA:943,135,0,0
BRDA:943,135,1,0
BRDA:945,136,0,0
BRDA:945,136,1,0
BRDA:945,136,2,0
BRDA:947,137,0,0
BRDA:947,137,1,0
BRDA:956,138,0,0
BRDA:956,138,1,0
BRDA:963,139,0,0
BRDA:963,139,1,0
BRDA:981,140,0,0
BRDA:981,140,1,0
BRDA:990,141,0,0
BRDA:990,141,1,0
BRDA:992,142,0,0
BRDA:992,142,1,0
BRDA:994,143,0,0
BRDA:994,143,1,0
BRDA:994,143,2,0
BRDA:996,144,0,0
BRDA:996,144,1,0
BRDA:1025,145,0,0
BRDA:1025,145,1,0
BRDA:1045,146,0,0
BRDA:1045,146,1,0
BRDA:1045,146,2,0
BRDA:1051,147,0,0
BRDA:1051,147,1,0
BRDA:1054,148,0,0
BRDA:1054,148,1,0
BRDA:1061,149,0,0
BRDA:1061,149,1,0
BRDA:1078,150,0,0
BRDA:1078,150,1,0
BRDA:1088,151,0,0
BRDA:1088,151,1,0
BRDA:1091,152,0,0
BRDA:1091,152,1,0
BRDA:1098,153,0,0
BRDA:1098,153,1,0
BRDA:1098,154,0,0
BRDA:1098,154,1,0
BRDA:1098,154,2,0
BRDA:1105,155,0,0
BRDA:1105,155,1,0
BRDA:1117,156,0,0
BRDA:1117,156,1,0
BRDA:1146,157,0,0
BRDA:1146,157,1,0
BRDA:1146,158,0,0
BRDA:1146,158,1,0
BRDA:1147,159,0,0
BRDA:1147,159,1,0
BRDA:1147,160,0,0
BRDA:1147,160,1,0
BRDA:1149,161,0,0
BRDA:1149,161,1,0
BRDA:1206,162,0,0
BRDA:1206,162,1,0
BRDA:1227,163,0,0
BRDA:1227,163,1,0
BRDA:1227,163,2,0
BRDA:1248,164,0,0
BRDA:1248,164,1,0
BRDA:1251,165,0,0
BRDA:1251,165,1,0
BRDA:1254,166,0,0
BRDA:1254,166,1,0
BRDA:1257,167,0,0
BRDA:1257,167,1,0
BRDA:1260,168,0,0
BRDA:1260,168,1,0
BRDA:1260,168,2,0
BRDA:1273,169,0,0
BRDA:1273,169,1,0
BRDA:1282,170,0,0
BRDA:1282,170,1,0
BRF:366
BRH:77
end_of_record
TN:
SF:src\hooks\useProducts.ts
FN:6,(anonymous_0)
FN:13,(anonymous_1)
FN:18,(anonymous_2)
FN:21,(anonymous_3)
FN:35,(anonymous_4)
FN:58,(anonymous_5)
FN:61,(anonymous_6)
FN:72,(anonymous_7)
FN:76,(anonymous_8)
FN:84,(anonymous_9)
FN:93,(anonymous_10)
FN:96,(anonymous_11)
FN:107,(anonymous_12)
FN:111,(anonymous_13)
FN:121,(anonymous_14)
FN:124,(anonymous_15)
FN:134,(anonymous_16)
FN:141,(anonymous_17)
FN:144,(anonymous_18)
FN:160,(anonymous_19)
FN:168,(anonymous_20)
FN:171,(anonymous_21)
FN:182,(anonymous_22)
FN:186,(anonymous_23)
FN:196,(anonymous_24)
FN:199,(anonymous_25)
FN:207,(anonymous_26)
FN:211,(anonymous_27)
FN:221,(anonymous_28)
FN:224,(anonymous_29)
FN:234,(anonymous_30)
FN:237,(anonymous_31)
FNF:32
FNH:0
FNDA:0,(anonymous_0)
FNDA:0,(anonymous_1)
FNDA:0,(anonymous_2)
FNDA:0,(anonymous_3)
FNDA:0,(anonymous_4)
FNDA:0,(anonymous_5)
FNDA:0,(anonymous_6)
FNDA:0,(anonymous_7)
FNDA:0,(anonymous_8)
FNDA:0,(anonymous_9)
FNDA:0,(anonymous_10)
FNDA:0,(anonymous_11)
FNDA:0,(anonymous_12)
FNDA:0,(anonymous_13)
FNDA:0,(anonymous_14)
FNDA:0,(anonymous_15)
FNDA:0,(anonymous_16)
FNDA:0,(anonymous_17)
FNDA:0,(anonymous_18)
FNDA:0,(anonymous_19)
FNDA:0,(anonymous_20)
FNDA:0,(anonymous_21)
FNDA:0,(anonymous_22)
FNDA:0,(anonymous_23)
FNDA:0,(anonymous_24)
FNDA:0,(anonymous_25)
FNDA:0,(anonymous_26)
FNDA:0,(anonymous_27)
FNDA:0,(anonymous_28)
FNDA:0,(anonymous_29)
FNDA:0,(anonymous_30)
FNDA:0,(anonymous_31)
DA:6,1
DA:7,0
DA:10,0
DA:13,1
DA:14,0
DA:15,0
DA:18,1
DA:21,0
DA:35,0
DA:58,1
DA:59,0
DA:60,0
DA:62,0
DA:66,0
DA:75,0
DA:77,0
DA:81,0
DA:83,0
DA:85,0
DA:88,0
DA:93,1
DA:94,0
DA:95,0
DA:97,0
DA:101,0
DA:110,0
DA:112,0
DA:116,0
DA:121,1
DA:122,0
DA:123,0
DA:125,0
DA:128,0
DA:135,0
DA:138,0
DA:139,0
DA:142,0
DA:144,0
DA:145,0
DA:147,0
DA:152,0
DA:159,0
DA:161,0
DA:168,1
DA:169,0
DA:170,0
DA:172,0
DA:176,0
DA:185,0
DA:187,0
DA:191,0
DA:196,1
DA:197,0
DA:198,0
DA:200,0
DA:201,0
DA:210,0
DA:212,0
DA:216,0
DA:221,1
DA:222,0
DA:223,0
DA:225,0
DA:228,0
DA:236,0
DA:238,0
DA:242,0
LF:67
LH:9
BRDA:8,0,0,0
BRDA:8,0,1,0
BRDA:138,1,0,0
BRDA:138,1,1,0
BRDA:142,2,0,0
BRDA:142,2,1,0
BRDA:145,3,0,0
BRDA:145,3,1,0
BRDA:149,4,0,0
BRDA:149,4,1,0
BRF:10
BRH:0
end_of_record
TN:
SF:src\lib\api.ts
FN:10,(anonymous_0)
FN:45,(anonymous_1)
FN:46,(anonymous_2)
FN:57,(anonymous_3)
FN:58,(anonymous_4)
FN:65,(anonymous_5)
FN:68,(anonymous_6)
FN:74,(anonymous_7)
FNF:8
FNH:0
FNDA:0,(anonymous_0)
FNDA:0,(anonymous_1)
FNDA:0,(anonymous_2)
FNDA:0,(anonymous_3)
FNDA:0,(anonymous_4)
FNDA:0,(anonymous_5)
FNDA:0,(anonymous_6)
FNDA:0,(anonymous_7)
DA:3,1
DA:5,1
DA:10,1
DA:11,0
DA:12,0
DA:15,0
DA:16,0
DA:17,0
DA:18,0
DA:19,0
DA:20,0
DA:21,0
DA:22,0
DA:25,0
DA:30,0
DA:31,0
DA:32,0
DA:35,0
DA:39,1
DA:43,1
DA:45,1
DA:46,0
DA:47,0
DA:48,0
DA:50,0
DA:53,0
DA:56,1
DA:57,0
DA:59,0
DA:62,0
DA:63,0
DA:65,0
DA:66,0
DA:69,0
DA:70,0
DA:72,0
DA:75,0
DA:79,0
DA:80,0
DA:82,0
DA:83,0
DA:84,0
DA:85,0
DA:86,0
DA:88,0
DA:93,0
DA:96,0
DA:101,0
DA:102,0
DA:106,0
DA:109,0
DA:112,0
DA:115,0
DA:116,0
DA:118,0
DA:123,0
DA:124,0
DA:125,0
DA:126,0
DA:128,0
DA:129,0
DA:132,0
DA:134,0
DA:138,0
LF:64
LH:7
BRDA:3,0,0,1
BRDA:3,0,1,0
BRDA:11,1,0,0
BRDA:11,1,1,0
BRDA:15,2,0,0
BRDA:15,2,1,0
BRDA:17,3,0,0
BRDA:17,3,1,0
BRDA:20,4,0,0
BRDA:20,4,1,0
BRDA:30,5,0,0
BRDA:30,5,1,0
BRDA:31,6,0,0
BRDA:31,6,1,0
BRDA:45,7,0,0
BRDA:47,8,0,0
BRDA:47,8,1,0
BRDA:62,9,0,0
BRDA:62,9,1,0
BRDA:62,10,0,0
BRDA:62,10,1,0
BRDA:63,11,0,0
BRDA:63,11,1,0
BRDA:69,12,0,0
BRDA:69,12,1,0
BRDA:84,13,0,0
BRDA:84,13,1,0
BRDA:86,14,0,0
BRDA:86,14,1,0
BRDA:99,15,0,0
BRDA:99,15,1,0
BRDA:115,16,0,0
BRDA:115,16,1,0
BRDA:124,17,0,0
BRDA:124,17,1,0
BRDA:128,18,0,0
BRDA:128,18,1,0
BRF:37
BRH:1
end_of_record
TN:
SF:src\lib\queryKeys.ts
FN:2,(anonymous_0)
FN:3,(anonymous_1)
FN:4,(anonymous_2)
FN:9,(anonymous_3)
FNF:4
FNH:1
FNDA:0,(anonymous_0)
FNDA:2,(anonymous_1)
FNDA:0,(anonymous_2)
FNDA:0,(anonymous_3)
DA:1,2
DA:2,0
DA:3,2
DA:4,0
DA:10,0
LF:5
LH:2
BRDA:2,0,0,0
BRDA:2,0,1,0
BRDA:3,1,0,2
BRDA:3,1,1,0
BRDA:4,2,0,0
BRDA:4,2,1,0
BRDA:10,3,0,0
BRDA:10,3,1,0
BRF:8
BRH:1
end_of_record
TN:
SF:src\types\index.ts
FNF:0
FNH:0
DA:1,3
LF:1
LH:1
BRF:0
BRH:0
end_of_record
